<?xml version="1.0" encoding="UTF-8"?>
<!-- Generated by org.testng.reporters.JUnitReportReporter -->
<testsuite hostname="LAPTOP-NBHH8J66" failures="0" tests="2" name="testcases.HomePageTest" time="74.456" errors="0" timestamp="2025-09-09T10:16:58 IST" skipped="0">
  <testcase classname="testcases.HomePageTest" name="verifyHomePageTitle" time="49.107"/>
  <testcase classname="testcases.HomePageTest" name="verifySignUpButtonNavigation" time="25.349"/>
</testsuite> <!-- testcases.HomePageTest -->
