<?xml version="1.0" encoding="UTF-8"?>
<!-- Generated by org.testng.reporters.JUnitReportReporter -->
<testsuite hostname="LAPTOP-NBHH8J66" failures="0" tests="3" name="testcases.LoginPageTest" time="65.311" errors="0" timestamp="2025-09-09T10:16:58 IST" skipped="0">
  <testcase classname="testcases.LoginPageTest" name="verifyLoginFunctionality" time="41.347"/>
  <testcase classname="testcases.LoginPageTest" name="verifySignupFunctionality" time="11.032"/>
  <testcase classname="testcases.LoginPageTest" name="verifyInvalidLoginShowsError" time="12.932"/>
</testsuite> <!-- testcases.LoginPageTest -->
