<?xml version="1.0" encoding="UTF-8"?>
<!-- Generated by org.testng.reporters.JUnitReportReporter -->
<testsuite hostname="LAPTOP-NBHH8J66" failures="0" tests="2" name="testcases.ProductPageTest" time="130.503" errors="0" timestamp="2025-09-09T10:16:58 IST" skipped="0">
  <testcase classname="testcases.ProductPageTest" name="verifyAddProductToCart" time="71.651"/>
  <testcase classname="testcases.ProductPageTest" name="verifyViewProduct" time="58.852"/>
</testsuite> <!-- testcases.ProductPageTest -->
