<?xml version="1.0" encoding="UTF-8"?>
<!-- Generated by org.testng.reporters.JUnitReportReporter -->
<testsuite hostname="LAPTOP-NBHH8J66" failures="0" tests="1" name="testcases.CartPageTest" time="23.531" errors="0" timestamp="2025-09-09T10:16:58 IST" skipped="0">
  <testcase classname="testcases.CartPageTest" name="verifyCartAndProceedToCheckout" time="23.531"/>
</testsuite> <!-- testcases.CartPageTest -->
